<?xml version="1.0"?>
<testsuite name="PhantomJS 2.1.1 (Linux 0.0.0)" package="test" timestamp="2020-08-03T18:13:26" id="0" hostname="workspaceqt2f2ayell5qxk7a.ws-6c9b7ff5dd-gz2pb" tests="3" errors="1" failures="3" time="0.003">
  <properties>
    <property name="browser.fullName" value="Mozilla/5.0 (Unknown; Linux x86_64) AppleWebKit/538.1 (KHTML, like Gecko) PhantomJS/2.1.1 Safari/538.1"/>
  </properties>
  <testcase name="withdraw should return the balance after withdraw operation" time="0.003" classname="test.withdraw">
    <failure type="">TypeError: undefined is not a function (evaluating 'obj.withdraw(10000)') in test-context.js (line 9346)
test-context.js:9346:30
loaded@http://localhost:9876/context.js:168:19
</failure>
  </testcase>
  <testcase name="withdraw should return the balance after withdraw operation" time="0" classname="test.withdraw">
    <failure type="">TypeError: undefined is not a function (evaluating 'obj.withdraw(100000)') in test-context.js (line 9351)
test-context.js:9351:30
</failure>
  </testcase>
  <testcase name="deposit should return the balance after deposit operation" time="0" classname="test.deposit">
    <failure type="">TypeError: undefined is not a function (evaluating 'obj.deposit(10000)') in test-context.js (line 9359)
test-context.js:9359:29
</failure>
  </testcase>
  <system-out>
    <![CDATA[
]]>
  </system-out>
  <system-err/>
</testsuite>